<?xml version="1.0" encoding="UTF-8"?>
<testsuite xmlns:xsi="http://www.w3.org/2001/XMLSchema-instance" xsi:noNamespaceSchemaLocation="https://maven.apache.org/surefire/maven-surefire-plugin/xsd/surefire-test-report-3.0.xsd" version="3.0" name="com.ejemplo.EcommerceApplicationTests" time="6.315" tests="2" errors="0" skipped="0" failures="0">
  <properties>
[...]
</properties>
  <testcase name="testEncriptacionPasswordUsuario" classname="com.ejemplo.EcommerceApplicationTests" time="0.72">
    <system-out><![CDATA[01:03:37.217 [main] INFO org.springframework.test.context.support.AnnotationConfigContextLoaderUtils -- Could not detect default configuration classes for test class [com.ejemplo.EcommerceApplicationTests]: EcommerceApplicationTests does not declare any static, non-private, non-final, nested classes annotated with @Configuration.
01:03:37.365 [main] INFO org.springframework.boot.test.context.SpringBootTestContextBootstrapper -- Found @SpringBootConfiguration com.ejemplo.EcommerceApplication for test class com.ejemplo.EcommerceApplicationTests

  .   ____          _            __ _ _
 /\\ / ___'_ __ _ _(_)_ __  __ _ \ \ \ \
( ( )\___ | '_ | '_| | '_ \/ _` | \ \ \ \
 \\/  ___)| |_)| | | | | || (_| |  ) ) ) )
  '  |____| .__|_| |_|_| |_\__, | / / / /
 =========|_|==============|___/=/_/_/_/
 :: Spring Boot ::                (v3.2.4)

2026-03-30T01:03:37.790-03:00  INFO 131152 --- [           main] com.ejemplo.EcommerceApplicationTests    : Starting EcommerceApplicationTests using Java 25.0.2 with PID 131152 (started by emzer in D:\Family\Trabajos Karina\M6_Ecommerce)
2026-03-30T01:03:37.791-03:00  INFO 131152 --- [           main] com.ejemplo.EcommerceApplicationTests    : No active profile set, falling back to 1 default profile: "default"
2026-03-30T01:03:38.673-03:00  INFO 131152 --- [           main] .s.d.r.c.RepositoryConfigurationDelegate : Bootstrapping Spring Data JPA repositories in DEFAULT mode.
2026-03-30T01:03:38.758-03:00  INFO 131152 --- [           main] .s.d.r.c.RepositoryConfigurationDelegate : Finished Spring Data repository scanning in 70 ms. Found 2 JPA repository interfaces.
2026-03-30T01:03:39.391-03:00  INFO 131152 --- [           main] o.hibernate.jpa.internal.util.LogHelper  : HHH000204: Processing PersistenceUnitInfo [name: default]
2026-03-30T01:03:39.464-03:00  INFO 131152 --- [           main] org.hibernate.Version                    : HHH000412: Hibernate ORM core version 6.4.4.Final
2026-03-30T01:03:39.505-03:00  INFO 131152 --- [           main] o.h.c.internal.RegionFactoryInitiator    : HHH000026: Second-level cache disabled
2026-03-30T01:03:39.868-03:00  INFO 131152 --- [           main] o.s.o.j.p.SpringPersistenceUnitInfo      : No LoadTimeWeaver setup: ignoring JPA class transformer
2026-03-30T01:03:39.907-03:00  INFO 131152 --- [           main] com.zaxxer.hikari.HikariDataSource       : HikariPool-1 - Starting...
2026-03-30T01:03:40.149-03:00  INFO 131152 --- [           main] com.zaxxer.hikari.pool.HikariPool        : HikariPool-1 - Added connection com.mysql.cj.jdbc.ConnectionImpl@781c2497
2026-03-30T01:03:40.151-03:00  INFO 131152 --- [           main] com.zaxxer.hikari.HikariDataSource       : HikariPool-1 - Start completed.
2026-03-30T01:03:40.211-03:00  WARN 131152 --- [           main] org.hibernate.dialect.Dialect            : HHH000511: The 5.5.0 version for [org.hibernate.dialect.MySQLDialect] is no longer supported, hence certain features may not work properly. The minimum supported version is 8.0.0. Check the community dialects project for available legacy versions.
2026-03-30T01:03:41.015-03:00  INFO 131152 --- [           main] o.h.e.t.j.p.i.JtaPlatformInitiator       : HHH000489: No JTA platform available (set 'hibernate.transaction.jta.platform' to enable JTA platform integration)
2026-03-30T01:03:41.058-03:00  INFO 131152 --- [           main] j.LocalContainerEntityManagerFactoryBean : Initialized JPA EntityManagerFactory for persistence unit 'default'
2026-03-30T01:03:41.509-03:00  WARN 131152 --- [           main] JpaBaseConfiguration$JpaWebConfiguration : spring.jpa.open-in-view is enabled by default. Therefore, database queries may be performed during view rendering. Explicitly configure spring.jpa.open-in-view to disable this warning
2026-03-30T01:03:41.907-03:00  INFO 131152 --- [           main] o.s.s.web.DefaultSecurityFilterChain     : Will secure any request with [org.springframework.security.web.session.DisableEncodeUrlFilter@2d1f9ec3, org.springframework.security.web.context.request.async.WebAsyncManagerIntegrationFilter@148f94dc, org.springframework.security.web.context.SecurityContextHolderFilter@62ec4146, org.springframework.security.web.header.HeaderWriterFilter@2ecf4b3e, org.springframework.web.filter.CorsFilter@2f11d889, org.springframework.security.web.csrf.CsrfFilter@279ebd94, org.springframework.security.web.authentication.logout.LogoutFilter@240f712e, org.springframework.security.web.authentication.UsernamePasswordAuthenticationFilter@65b7678a, org.springframework.security.web.savedrequest.RequestCacheAwareFilter@b0c4905, org.springframework.security.web.servletapi.SecurityContextHolderAwareRequestFilter@7d3a2459, org.springframework.security.web.authentication.AnonymousAuthenticationFilter@d1973e8, org.springframework.security.web.access.ExceptionTranslationFilter@4d682397, org.springframework.security.web.access.intercept.AuthorizationFilter@564fc235]
2026-03-30T01:03:42.307-03:00  INFO 131152 --- [           main] o.s.b.t.m.w.SpringBootMockServletContext : Initializing Spring TestDispatcherServlet ''
2026-03-30T01:03:42.307-03:00  INFO 131152 --- [           main] o.s.t.web.servlet.TestDispatcherServlet  : Initializing Servlet ''
2026-03-30T01:03:42.309-03:00  INFO 131152 --- [           main] o.s.t.web.servlet.TestDispatcherServlet  : Completed initialization in 2 ms
2026-03-30T01:03:42.332-03:00  INFO 131152 --- [           main] com.ejemplo.EcommerceApplicationTests    : Started EcommerceApplicationTests in 4.83 seconds (process running for 6.072)
Hibernate: select u1_0.id,u1_0.apellido,u1_0.email,u1_0.nombre,u1_0.password,u1_0.rol from usuarios u1_0 where u1_0.email=?
Hibernate: insert into usuarios (apellido,email,nombre,password,rol) values (?,?,?,?,?)
]]></system-out>
    <system-err><![CDATA[WARNING: A Java agent has been loaded dynamically (C:\Users\emzer\.m2\repository\net\bytebuddy\byte-buddy-agent\1.14.12\byte-buddy-agent-1.14.12.jar)
WARNING: If a serviceability tool is in use, please run with -XX:+EnableDynamicAgentLoading to hide this warning
WARNING: If a serviceability tool is not in use, please run with -Djdk.instrument.traceUsage for more information
WARNING: Dynamic loading of agents will be disallowed by default in a future release
]]></system-err>
  </testcase>
  <testcase name="testAccesoRestringidoAdmin" classname="com.ejemplo.EcommerceApplicationTests" time="0.065"/>
</testsuite>